  stdafx.cpp
  winMain.cpp
  utils.cpp
  txtData.cpp
c:\users\kys90\documents\github\kingoffighters\팀포폴용프레임워크\txtdata.cpp(49): warning C4018: '<' : signed/unsigned mismatch
c:\users\kys90\documents\github\kingoffighters\팀포폴용프레임워크\txtdata.cpp(52): warning C4018: '<' : signed/unsigned mismatch
c:\users\kys90\documents\github\kingoffighters\팀포폴용프레임워크\txtdata.cpp(52): warning C4996: 'strcat': This function or variable may be unsafe. Consider using strcat_s instead. To disable deprecation, use _CRT_SECURE_NO_WARNINGS. See online help for details.
          c:\program files (x86)\microsoft visual studio 12.0\vc\include\string.h(118) : see declaration of 'strcat'
c:\users\kys90\documents\github\kingoffighters\팀포폴용프레임워크\txtdata.cpp(55): warning C4172: returning address of local variable or temporary
c:\users\kys90\documents\github\kingoffighters\팀포폴용프레임워크\txtdata.cpp(85): warning C4996: 'strtok': This function or variable may be unsafe. Consider using strtok_s instead. To disable deprecation, use _CRT_SECURE_NO_WARNINGS. See online help for details.
          c:\program files (x86)\microsoft visual studio 12.0\vc\include\string.h(204) : see declaration of 'strtok'
c:\users\kys90\documents\github\kingoffighters\팀포폴용프레임워크\txtdata.cpp(88): warning C4996: 'strtok': This function or variable may be unsafe. Consider using strtok_s instead. To disable deprecation, use _CRT_SECURE_NO_WARNINGS. See online help for details.
          c:\program files (x86)\microsoft visual studio 12.0\vc\include\string.h(204) : see declaration of 'strtok'
c:\users\kys90\documents\github\kingoffighters\팀포폴용프레임워크\txtdata.cpp(81): warning C4101: 'temp' : unreferenced local variable
  timer.cpp
  timeManager.cpp
  soundManager.cpp
  progressBar.cpp
c:\users\kys90\documents\github\kingoffighters\팀포폴용프레임워크\progressbar.cpp(22): warning C4244: 'argument' : conversion from 'int' to 'float', possible loss of data
c:\users\kys90\documents\github\kingoffighters\팀포폴용프레임워크\progressbar.cpp(23): warning C4244: 'argument' : conversion from 'int' to 'float', possible loss of data
c:\users\kys90\documents\github\kingoffighters\팀포폴용프레임워크\progressbar.cpp(25): warning C4244: '=' : conversion from 'int' to 'float', possible loss of data
c:\users\kys90\documents\github\kingoffighters\팀포폴용프레임워크\progressbar.cpp(53): warning C4244: 'argument' : conversion from 'float' to 'int', possible loss of data
  mainGame.cpp
  keyManager.cpp
  imageManager.cpp
  image.cpp
c:\users\kys90\documents\github\kingoffighters\팀포폴용프레임워크\image.cpp(357): warning C4800: 'BOOL' : forcing value to bool 'true' or 'false' (performance warning)
c:\users\kys90\documents\github\kingoffighters\팀포폴용프레임워크\image.cpp(590): warning C4800: 'BOOL' : forcing value to bool 'true' or 'false' (performance warning)
  gameNode.cpp
c:\users\kys90\documents\github\kingoffighters\팀포폴용프레임워크\gamenode.cpp(85): warning C4244: '=' : conversion from 'float' to 'LONG', possible loss of data
c:\users\kys90\documents\github\kingoffighters\팀포폴용프레임워크\gamenode.cpp(86): warning C4244: '=' : conversion from 'float' to 'LONG', possible loss of data
c:\users\kys90\documents\github\kingoffighters\팀포폴용프레임워크\gamenode.cpp(74): warning C4101: 'ps' : unreferenced local variable
c:\users\kys90\documents\github\kingoffighters\팀포폴용프레임워크\gamenode.cpp(75): warning C4101: 'hdc' : unreferenced local variable
  extendableProgressBar.cpp
c:\users\kys90\documents\github\kingoffighters\팀포폴용프레임워크\extendableprogressbar.cpp(22): warning C4244: '=' : conversion from 'int' to 'float', possible loss of data
c:\users\kys90\documents\github\kingoffighters\팀포폴용프레임워크\extendableprogressbar.cpp(23): warning C4244: '=' : conversion from 'int' to 'float', possible loss of data
c:\users\kys90\documents\github\kingoffighters\팀포폴용프레임워크\extendableprogressbar.cpp(40): warning C4244: '=' : conversion from 'int' to 'float', possible loss of data
c:\users\kys90\documents\github\kingoffighters\팀포폴용프레임워크\extendableprogressbar.cpp(41): warning C4244: '=' : conversion from 'int' to 'float', possible loss of data
c:\users\kys90\documents\github\kingoffighters\팀포폴용프레임워크\extendableprogressbar.cpp(74): warning C4244: 'argument' : conversion from 'float' to 'int', possible loss of data
c:\users\kys90\documents\github\kingoffighters\팀포폴용프레임워크\extendableprogressbar.cpp(82): warning C4244: 'argument' : conversion from 'float' to 'int', possible loss of data
c:\users\kys90\documents\github\kingoffighters\팀포폴용프레임워크\extendableprogressbar.cpp(87): warning C4244: 'argument' : conversion from 'float' to 'int', possible loss of data
c:\users\kys90\documents\github\kingoffighters\팀포폴용프레임워크\extendableprogressbar.cpp(103): warning C4244: 'argument' : conversion from 'float' to 'int', possible loss of data
c:\users\kys90\documents\github\kingoffighters\팀포폴용프레임워크\extendableprogressbar.cpp(111): warning C4244: 'argument' : conversion from 'float' to 'int', possible loss of data
c:\users\kys90\documents\github\kingoffighters\팀포폴용프레임워크\extendableprogressbar.cpp(116): warning C4244: 'argument' : conversion from 'float' to 'int', possible loss of data
  effectManager.cpp
  effect.cpp
c:\users\kys90\documents\github\kingoffighters\팀포폴용프레임워크\effect.cpp(59): warning C4244: 'argument' : conversion from 'float' to 'int', possible loss of data
  digManager.cpp
c:\users\kys90\documents\github\kingoffighters\팀포폴용프레임워크\digmanager.cpp(30): warning C4244: 'argument' : conversion from 'float' to 'int', possible loss of data
c:\users\kys90\documents\github\kingoffighters\팀포폴용프레임워크\digmanager.cpp(57): warning C4244: '=' : conversion from 'float' to 'int', possible loss of data
c:\users\kys90\documents\github\kingoffighters\팀포폴용프레임워크\digmanager.cpp(100): warning C4244: 'argument' : conversion from 'float' to 'int', possible loss of data
c:\users\kys90\documents\github\kingoffighters\팀포폴용프레임워크\digmanager.cpp(101): warning C4244: '+=' : conversion from 'float' to 'int', possible loss of data
  sceneManager.cpp
  commandQueue.cpp
  button.cpp
c:\users\kys90\documents\github\kingoffighters\팀포폴용프레임워크\button.cpp(23): warning C4244: '=' : conversion from 'int' to 'float', possible loss of data
c:\users\kys90\documents\github\kingoffighters\팀포폴용프레임워크\button.cpp(24): warning C4244: '=' : conversion from 'int' to 'float', possible loss of data
  animation.cpp
  Generating Code...
  Compiling...
  additionalUtils.cpp
c:\users\kys90\documents\github\kingoffighters\팀포폴용프레임워크\additionalutils.cpp(32): warning C4244: '=' : conversion from 'LONG' to 'float', possible loss of data
c:\users\kys90\documents\github\kingoffighters\팀포폴용프레임워크\additionalutils.cpp(33): warning C4244: '=' : conversion from 'LONG' to 'float', possible loss of data
c:\users\kys90\documents\github\kingoffighters\팀포폴용프레임워크\additionalutils.cpp(34): warning C4244: '=' : conversion from 'LONG' to 'float', possible loss of data
c:\users\kys90\documents\github\kingoffighters\팀포폴용프레임워크\additionalutils.cpp(35): warning C4244: '=' : conversion from 'LONG' to 'float', possible loss of data
c:\users\kys90\documents\github\kingoffighters\팀포폴용프레임워크\additionalutils.cpp(41): warning C4244: '=' : conversion from 'float' to 'LONG', possible loss of data
c:\users\kys90\documents\github\kingoffighters\팀포폴용프레임워크\additionalutils.cpp(42): warning C4244: '=' : conversion from 'float' to 'LONG', possible loss of data
c:\users\kys90\documents\github\kingoffighters\팀포폴용프레임워크\additionalutils.cpp(43): warning C4244: '=' : conversion from 'float' to 'LONG', possible loss of data
c:\users\kys90\documents\github\kingoffighters\팀포폴용프레임워크\additionalutils.cpp(44): warning C4244: '=' : conversion from 'float' to 'LONG', possible loss of data
  Generating Code...
  20170426_1.vcxproj -> C:\Users\kys90\Documents\GitHub\KingOfFighters\팀포폴용프레임워크\Debug\20170426_1.exe
